<?xml version="1.0" encoding="UTF-8"?>
<!-- Generated by org.testng.reporters.JUnitReportReporter -->
<testsuite hostname="DrSilence" failures="0" tests="1" name="com.crm.qa.testcases.HomePageTest" time="25.953" errors="0" timestamp="2022-03-06T21:58:03 IST" skipped="0">
  <testcase classname="com.crm.qa.testcases.HomePageTest" name="verifyUserNameTest" time="25.953"/>
  <system-out/>
</testsuite> <!-- com.crm.qa.testcases.HomePageTest -->
