<?xml version="1.0" encoding="UTF-8"?>
<!-- Generated by org.testng.reporters.JUnitReportReporter -->
<testsuite hostname="DrSilence" failures="0" tests="3" name="com.crm.qa.testcases.HomePageTest" time="119.654" errors="0" timestamp="2022-02-13T12:37:51 IST" skipped="0">
  <testcase classname="com.crm.qa.testcases.HomePageTest" name="verifyHomePageTitleTest" time="73.367"/>
  <system-out/>
  <testcase classname="com.crm.qa.testcases.HomePageTest" name="verifyUserNameTest" time="22.011"/>
  <system-out/>
  <testcase classname="com.crm.qa.testcases.HomePageTest" name="verifyContactsLinkTest" time="24.276"/>
  <system-out/>
</testsuite> <!-- com.crm.qa.testcases.HomePageTest -->
