<?xml version="1.0" encoding="UTF-8"?>
<!-- Generated by org.testng.reporters.JUnitReportReporter -->
<testsuite hostname="DrSilence" failures="0" tests="3" name="com.crm.qa.testcases.LoginPageTest" time="138.097" errors="0" timestamp="2022-03-06T19:53:49 IST" skipped="0">
  <testcase classname="com.crm.qa.testcases.LoginPageTest" name="loginPageTitleTest" time="26.366"/>
  <system-out/>
  <testcase classname="com.crm.qa.testcases.LoginPageTest" name="crmLogoImageTest" time="72.703"/>
  <system-out/>
  <testcase classname="com.crm.qa.testcases.LoginPageTest" name="loginTest" time="39.028"/>
  <system-out/>
</testsuite> <!-- com.crm.qa.testcases.LoginPageTest -->
